[0m
[0m [0m [0m [0m [0m [0m [0m [0m [0m [0m [0m [0m [0m [0m [0m [0m [0m [0m [0m [0m [0m [0m [0m [0m [0m [0m [0m [0m [0m [0m [0m [0m [0m [0m [0m [0m [0m [0m [0m [0m [0m [0m [0m [0m [0m [0m [0m [0m [0m [0m [0m [0m [0m [0m [0m [0m [0m [0m [0m [48;5;255m [48;5;255m [0m [0m [0m [0m [0m [0m [0m [0m [0m [0m [0m [0m
[0m [0m [0m [0m [0m [0m [0m [0m [0m [0m [0m [0m [0m [0m [0m [0m [0m [0m [0m [0m [0m [0m [0m [0m [0m [0m [0m [0m [0m [0m [0m [0m [0m [0m [0m [0m [0m [0m [0m [0m [0m [0m [0m [0m [0m [0m [0m [0m [0m [0m [0m [0m [0m [0m [0m [0m [0m [0m [0m [48;5;255m [48;5;255m [0m [0m [0m [0m [0m [0m [0m [0m [0m [0m [0m [0m
[0m [0m [0m [0m [0m [0m [0m [0m [0m [0m [0m [0m [0m [0m [0m [0m [0m [0m [0m [0m [0m [0m [0m [0m [0m [0m [0m [0m [0m [0m [0m [0m [0m [0m [0m [0m [0m [0m [0m [0m [0m [0m [0m [0m [0m [0m [0m [0m [0m [0m [0m [0m [0m [0m [0m [0m [0m [0m [0m [48;5;255m [48;5;255m [0m [0m [0m [0m [0m [0m [0m [0m [0m [0m [0m [0m
[48;5;255m [48;5;255m [48;5;255m [48;5;255m [48;5;255m [48;5;255m [48;5;255m [0m [0m [48;5;255m [48;5;255m [48;5;255m [48;5;255m [48;5;255m [48;5;255m [48;5;255m [48;5;255m [0m [0m [48;5;255m [48;5;255m [48;5;255m [48;5;255m [48;5;255m [48;5;255m [48;5;255m [48;5;255m [48;5;255m [48;5;255m [48;5;255m [48;5;255m [0m [0m [48;5;255m [48;5;255m [48;5;255m [48;5;255m [48;5;255m [48;5;255m [48;5;255m [48;5;255m [0m [0m [48;5;255m [48;5;255m [48;5;255m [48;5;255m [48;5;255m [48;5;255m [48;5;255m [48;5;255m [0m [0m [48;5;255m [48;5;255m [48;5;255m [48;5;255m [48;5;255m [48;5;255m [48;5;255m [48;5;255m [0m [0m [48;5;255m [48;5;255m [48;5;255m [48;5;255m [48;5;255m [48;5;255m [48;5;255m [48;5;255m [0m [0m [48;5;255m [48;5;255m [48;5;255m [48;5;255m [48;5;255m [48;5;255m [48;5;255m [48;5;255m [0m
[48;5;255m [48;5;255m [0m [0m [0m [0m [0m [0m [0m [48;5;255m [48;5;255m [0m [0m [0m [0m [48;5;255m [48;5;255m [0m [0m [48;5;255m [48;5;255m [0m [0m [0m [48;5;255m [48;5;255m [0m [0m [0m [48;5;255m [48;5;255m [0m [0m [48;5;255m [48;5;255m [0m [0m [0m [0m [48;5;255m [48;5;255m [0m [0m [48;5;255m [48;5;255m [0m [0m [0m [0m [48;5;255m [48;5;255m [0m [0m [48;5;255m [48;5;255m [0m [0m [0m [0m [48;5;255m [48;5;255m [0m [0m [48;5;255m [48;5;255m [0m [0m [0m [0m [48;5;255m [48;5;255m [0m [0m [48;5;255m [48;5;255m [0m
[48;5;255m [48;5;255m [0m [0m [0m [0m [0m [0m [0m [48;5;255m [48;5;255m [0m [0m [0m [0m [48;5;255m [48;5;255m [0m [0m [48;5;255m [48;5;255m [0m [0m [0m [48;5;255m [48;5;255m [0m [0m [0m [48;5;255m [48;5;255m [0m [0m [48;5;255m [48;5;255m [0m [0m [0m [0m [48;5;255m [48;5;255m [0m [0m [48;5;255m [48;5;255m [0m [0m [0m [0m [48;5;255m [48;5;255m [0m [0m [48;5;255m [48;5;255m [0m [0m [0m [0m [48;5;255m [48;5;255m [0m [0m [48;5;255m [48;5;255m [0m [0m [0m [0m [48;5;255m [48;5;255m [0m [0m [48;5;255m [48;5;255m [0m
[48;5;255m [48;5;255m [0m [0m [0m [0m [0m [0m [0m [48;5;255m [48;5;255m [0m [0m [0m [0m [48;5;255m [48;5;255m [0m [0m [48;5;255m [48;5;255m [0m [0m [0m [48;5;255m [48;5;255m [0m [0m [0m [48;5;255m [48;5;255m [0m [0m [48;5;255m [48;5;255m [0m [0m [0m [0m [48;5;255m [48;5;255m [0m [0m [48;5;255m [48;5;255m [0m [0m [0m [0m [48;5;255m [48;5;255m [0m [0m [48;5;255m [48;5;255m [0m [0m [0m [0m [48;5;255m [48;5;255m [0m [0m [48;5;255m [48;5;255m [0m [0m [0m [0m [48;5;255m [48;5;255m [0m [0m [48;5;255m [48;5;255m [0m
[48;5;255m [48;5;255m [48;5;255m [48;5;255m [48;5;255m [48;5;255m [48;5;255m [0m [0m [48;5;255m [48;5;255m [48;5;255m [48;5;255m [48;5;255m [48;5;255m [48;5;255m [48;5;255m [0m [0m [48;5;255m [48;5;255m [0m [0m [0m [48;5;255m [48;5;255m [0m [0m [0m [48;5;255m [48;5;255m [0m [0m [48;5;255m [48;5;255m [48;5;255m [48;5;255m [48;5;255m [48;5;255m [48;5;255m [48;5;255m [0m [0m [48;5;255m [48;5;255m [48;5;255m [48;5;255m [48;5;255m [48;5;255m [48;5;255m [48;5;255m [0m [0m [48;5;255m [48;5;255m [48;5;255m [48;5;255m [48;5;255m [48;5;255m [48;5;255m [48;5;255m [0m [0m [48;5;255m [48;5;255m [48;5;255m [48;5;255m [48;5;255m [48;5;255m [48;5;255m [48;5;255m [0m [0m [48;5;255m [48;5;255m [48;5;255m [48;5;255m [48;5;255m [48;5;255m [48;5;255m [48;5;255m [0m
[0m [0m [0m [0m [0m [0m [0m [0m [0m [0m [0m [0m [0m [0m [0m [0m [0m [0m [0m [0m [0m [0m [0m [0m [0m [0m [0m [0m [0m [0m [0m [0m [0m [48;5;255m [48;5;255m [0m [0m [0m [0m [0m [0m [0m [0m [0m [0m [0m [0m
[0m [0m [0m [0m [0m [0m [0m [0m [0m [0m [0m [0m [0m [0m [0m [0m [0m [0m [0m [0m [0m [0m [0m [0m [0m [0m [0m [0m [0m [0m [0m [0m [0m [48;5;255m [48;5;255m [0m [0m [0m [0m [0m [0m [0m [0m [0m [0m [0m [0m
[0m [0m [0m [0m [0m [0m [0m [0m [0m [0m [0m [0m [0m [0m [0m [0m [0m [0m [0m [0m [0m [0m [0m [0m [0m [0m [0m [0m [0m [0m [0m [0m [0m [48;5;255m [48;5;255m [0m [0m [0m [0m [0m [0m [0m [0m [0m [0m [0m [0m

1.1.19

TypeScript version used by Compodoc : 4.5.5

TypeScript version of current project : 4.4.4

Node.js version : v16.14.2

Operating system : macOS Monterey

[09:32:37] No configuration file found, switching to CLI flags.
[09:32:37] Using tsconfig file : /Users/jrosenfeld/Documents/GitHub/figtest/tsconfig.json
[09:32:37] Including      : /Users/jrosenfeld/Documents/GitHub/figtest/.DS_Store
[09:32:37] Including      : /Users/jrosenfeld/Documents/GitHub/figtest/angular.json
[09:32:37] Including      : /Users/jrosenfeld/Documents/GitHub/figtest/build-storybook.log
[09:32:37] Including      : /Users/jrosenfeld/Documents/GitHub/figtest/capacitor.config.ts
[09:32:37] Including      : /Users/jrosenfeld/Documents/GitHub/figtest/documentation.json
[09:32:37] Including      : /Users/jrosenfeld/Documents/GitHub/figtest/ionic.config.json
[09:32:37] Including      : /Users/jrosenfeld/Documents/GitHub/figtest/package.json
[09:32:37] Including      : /Users/jrosenfeld/Documents/GitHub/figtest/karma.conf.js
[09:32:37] Including      : /Users/jrosenfeld/Documents/GitHub/figtest/package-lock.json
[09:32:37] Including      : /Users/jrosenfeld/Documents/GitHub/figtest/tsconfig.app.json
[09:32:37] Including      : /Users/jrosenfeld/Documents/GitHub/figtest/tsconfig.json
[09:32:37] Including      : /Users/jrosenfeld/Documents/GitHub/figtest/tsconfig.spec.json
[09:32:37] Including      : /Users/jrosenfeld/Documents/GitHub/figtest/.storybook/main.js
[09:32:37] Including      : /Users/jrosenfeld/Documents/GitHub/figtest/.storybook/tsconfig.json
[09:32:37] Ignoring       : /Users/jrosenfeld/Documents/GitHub/figtest/.storybook/typings.d.ts
[09:32:37] Including      : /Users/jrosenfeld/Documents/GitHub/figtest/e2e/tsconfig.json
[09:32:37] Including      : /Users/jrosenfeld/Documents/GitHub/figtest/e2e/protractor.conf.js
[09:32:37] Including      : /Users/jrosenfeld/Documents/GitHub/figtest/.storybook/preview.js
[09:32:37] Including      : /Users/jrosenfeld/Documents/GitHub/figtest/src/global.scss
[09:32:37] Including      : /Users/jrosenfeld/Documents/GitHub/figtest/src/main.ts
[09:32:37] Including      : /Users/jrosenfeld/Documents/GitHub/figtest/src/index.html
[09:32:37] Including      : /Users/jrosenfeld/Documents/GitHub/figtest/src/polyfills.ts
[09:32:37] Including      : /Users/jrosenfeld/Documents/GitHub/figtest/src/test.ts
[09:32:37] Including      : /Users/jrosenfeld/Documents/GitHub/figtest/src/zone-flags.ts
[09:32:37] Including      : /Users/jrosenfeld/Documents/GitHub/figtest/storybook-static/favicon.ico
[09:32:37] Ignoring       : /Users/jrosenfeld/Documents/GitHub/figtest/e2e/src/app.e2e-spec.ts
[09:32:37] Including      : /Users/jrosenfeld/Documents/GitHub/figtest/e2e/src/app.po.ts
[09:32:37] Including      : /Users/jrosenfeld/Documents/GitHub/figtest/src/app/app-routing.module.ts
[09:32:37] Including      : /Users/jrosenfeld/Documents/GitHub/figtest/src/app/app.component.html
[09:32:37] Including      : /Users/jrosenfeld/Documents/GitHub/figtest/src/app/app.component.scss
[09:32:37] Ignoring       : /Users/jrosenfeld/Documents/GitHub/figtest/src/app/app.component.spec.ts
[09:32:37] Including      : /Users/jrosenfeld/Documents/GitHub/figtest/src/app/app.module.ts
[09:32:37] Including      : /Users/jrosenfeld/Documents/GitHub/figtest/src/app/app.component.ts
[09:32:37] Including      : /Users/jrosenfeld/Documents/GitHub/figtest/src/assets/shapes.svg
[09:32:37] Including      : /Users/jrosenfeld/Documents/GitHub/figtest/src/environments/environment.prod.ts
[09:32:37] Including      : /Users/jrosenfeld/Documents/GitHub/figtest/src/environments/environment.ts
[09:32:37] Including      : /Users/jrosenfeld/Documents/GitHub/figtest/src/stories/Button.stories.ts
[09:32:37] Including      : /Users/jrosenfeld/Documents/GitHub/figtest/src/stories/Header.stories.ts
[09:32:37] Including      : /Users/jrosenfeld/Documents/GitHub/figtest/src/stories/Introduction.stories.mdx
[09:32:37] Including      : /Users/jrosenfeld/Documents/GitHub/figtest/src/stories/Page.stories.ts
[09:32:37] Including      : /Users/jrosenfeld/Documents/GitHub/figtest/src/stories/User.ts
[09:32:37] Including      : /Users/jrosenfeld/Documents/GitHub/figtest/src/stories/button.component.ts
[09:32:37] Including      : /Users/jrosenfeld/Documents/GitHub/figtest/src/stories/button.css
[09:32:37] Including      : /Users/jrosenfeld/Documents/GitHub/figtest/src/stories/header.component.ts
[09:32:37] Including      : /Users/jrosenfeld/Documents/GitHub/figtest/src/stories/header.css
[09:32:37] Including      : /Users/jrosenfeld/Documents/GitHub/figtest/src/stories/page.component.ts
[09:32:37] Including      : /Users/jrosenfeld/Documents/GitHub/figtest/src/stories/page.css
[09:32:37] Including      : /Users/jrosenfeld/Documents/GitHub/figtest/src/theme/variables.scss
[09:32:37] Including      : /Users/jrosenfeld/Documents/GitHub/figtest/src/app/explore-container/explore-container.component.html
[09:32:37] Including      : /Users/jrosenfeld/Documents/GitHub/figtest/src/app/explore-container/explore-container.component.scss
[09:32:37] Ignoring       : /Users/jrosenfeld/Documents/GitHub/figtest/src/app/explore-container/explore-container.component.spec.ts
[09:32:37] Including      : /Users/jrosenfeld/Documents/GitHub/figtest/src/app/explore-container/explore-container.component.ts
[09:32:37] Including      : /Users/jrosenfeld/Documents/GitHub/figtest/src/app/explore-container/explore-container.module.ts
[09:32:37] Including      : /Users/jrosenfeld/Documents/GitHub/figtest/src/app/tab2/tab2.module.ts
[09:32:37] Including      : /Users/jrosenfeld/Documents/GitHub/figtest/src/app/tab2/tab2.page.html
[09:32:37] Including      : /Users/jrosenfeld/Documents/GitHub/figtest/src/app/tab2/tab2-routing.module.ts
[09:32:37] Ignoring       : /Users/jrosenfeld/Documents/GitHub/figtest/src/app/tab2/tab2.page.spec.ts
[09:32:37] Including      : /Users/jrosenfeld/Documents/GitHub/figtest/src/app/tab2/tab2.page.scss
[09:32:37] Including      : /Users/jrosenfeld/Documents/GitHub/figtest/src/app/tab2/tab2.page.ts
[09:32:37] Including      : /Users/jrosenfeld/Documents/GitHub/figtest/src/app/tab1/tab1-routing.module.ts
[09:32:37] Including      : /Users/jrosenfeld/Documents/GitHub/figtest/src/app/tab1/tab1.module.ts
[09:32:37] Including      : /Users/jrosenfeld/Documents/GitHub/figtest/src/app/tab1/tab1.page.html
[09:32:37] Including      : /Users/jrosenfeld/Documents/GitHub/figtest/src/app/tab1/tab1.page.scss
[09:32:37] Including      : /Users/jrosenfeld/Documents/GitHub/figtest/src/app/tab1/tab1.page.ts
[09:32:37] Ignoring       : /Users/jrosenfeld/Documents/GitHub/figtest/src/app/tab1/tab1.page.spec.ts
[09:32:37] Including      : /Users/jrosenfeld/Documents/GitHub/figtest/src/app/tabs/tabs-routing.module.ts
[09:32:37] Including      : /Users/jrosenfeld/Documents/GitHub/figtest/src/app/tabs/tabs.module.ts
[09:32:37] Including      : /Users/jrosenfeld/Documents/GitHub/figtest/src/app/tabs/tabs.page.html
[09:32:37] Including      : /Users/jrosenfeld/Documents/GitHub/figtest/src/app/tabs/tabs.page.scss
[09:32:37] Ignoring       : /Users/jrosenfeld/Documents/GitHub/figtest/src/app/tabs/tabs.page.spec.ts
[09:32:37] Including      : /Users/jrosenfeld/Documents/GitHub/figtest/src/app/tabs/tabs.page.ts
[09:32:37] Including      : /Users/jrosenfeld/Documents/GitHub/figtest/src/app/tab3/tab3.page.html
[09:32:37] Including      : /Users/jrosenfeld/Documents/GitHub/figtest/src/app/tab3/tab3-routing.module.ts
[09:32:37] Including      : /Users/jrosenfeld/Documents/GitHub/figtest/src/app/tab3/tab3.page.scss
[09:32:37] Including      : /Users/jrosenfeld/Documents/GitHub/figtest/src/app/tab3/tab3.module.ts
[09:32:37] Ignoring       : /Users/jrosenfeld/Documents/GitHub/figtest/src/app/tab3/tab3.page.spec.ts
[09:32:37] Including      : /Users/jrosenfeld/Documents/GitHub/figtest/src/app/tab3/tab3.page.ts
[09:32:37] Including      : /Users/jrosenfeld/Documents/GitHub/figtest/src/assets/icon/favicon.png
[09:32:37] Including      : /Users/jrosenfeld/Documents/GitHub/figtest/src/stories/assets/code-brackets.svg
[09:32:37] Including      : /Users/jrosenfeld/Documents/GitHub/figtest/src/stories/assets/colors.svg
[09:32:37] Including      : /Users/jrosenfeld/Documents/GitHub/figtest/src/stories/assets/comments.svg
[09:32:37] Including      : /Users/jrosenfeld/Documents/GitHub/figtest/src/stories/assets/direction.svg
[09:32:37] Including      : /Users/jrosenfeld/Documents/GitHub/figtest/src/stories/assets/flow.svg
[09:32:37] Including      : /Users/jrosenfeld/Documents/GitHub/figtest/src/stories/assets/plugin.svg
[09:32:37] Including      : /Users/jrosenfeld/Documents/GitHub/figtest/src/stories/assets/repo.svg
[09:32:37] Including      : /Users/jrosenfeld/Documents/GitHub/figtest/src/stories/assets/stackalt.svg
[09:32:37] Searching package.json file
[09:32:37] package.json file found
[09:32:37] Processing package.json dependencies
[09:32:37] Searching README.md, CHANGELOG.md, CONTRIBUTING.md, LICENSE.md, TODO.md files
[09:32:37] Error during /Users/jrosenfeld/Documents/GitHub/figtest/README read
[09:32:37] Continuing without README.md file
[09:32:37] Error during /Users/jrosenfeld/Documents/GitHub/figtest/CHANGELOG read
[09:32:37] Continuing without CHANGELOG.md file
[09:32:37] Error during /Users/jrosenfeld/Documents/GitHub/figtest/CONTRIBUTING read
[09:32:37] Continuing without CONTRIBUTING.md file
[09:32:37] Error during /Users/jrosenfeld/Documents/GitHub/figtest/LICENSE read
[09:32:37] Continuing without LICENSE.md file
[09:32:37] Error during /Users/jrosenfeld/Documents/GitHub/figtest/TODO read
[09:32:37] Continuing without TODO.md file
[09:32:37] Get dependencies data
[09:32:37] parsing        : /Users/jrosenfeld/Documents/GitHub/figtest/capacitor.config.ts
[09:32:37] found          : config
[09:32:37] parsing        : /Users/jrosenfeld/Documents/GitHub/figtest/src/main.ts
[09:32:37] parsing        : /Users/jrosenfeld/Documents/GitHub/figtest/src/polyfills.ts
[09:32:37] parsing        : /Users/jrosenfeld/Documents/GitHub/figtest/src/test.ts
[09:32:37] found          : require
[09:32:37] found          : context
[09:32:37] parsing        : /Users/jrosenfeld/Documents/GitHub/figtest/src/zone-flags.ts
[09:32:37] parsing        : /Users/jrosenfeld/Documents/GitHub/figtest/e2e/src/app.po.ts
[09:32:37] found          : AppPage
[09:32:37] parsing        : /Users/jrosenfeld/Documents/GitHub/figtest/src/app/app-routing.module.ts
[09:32:37] Analysing routes definitions and clean them if necessary
[09:32:37] found          : AppRoutingModule
[09:32:37]                : - imports:
[09:32:37]                : 	- RouterModule
[09:32:37]                : - exports:
[09:32:37]                : 	- RouterModule
[09:32:37] parsing        : /Users/jrosenfeld/Documents/GitHub/figtest/src/app/app.module.ts
[09:32:37] found          : AppModule
[09:32:37]                : - imports:
[09:32:37]                : 	- BrowserModule
[09:32:37]                : 	- IonicModule
[09:32:37]                : 	- AppRoutingModule
[09:32:37]                : - declarations:
[09:32:37]                : 	- AppComponent
[09:32:37]                : - providers:
[09:32:37]                : 	- { provide: RouteReuseStrategy, useClass: IonicRouteStrategy }
[09:32:37]                : - bootstrap:
[09:32:37]                : 	- AppComponent
[09:32:37] parsing        : /Users/jrosenfeld/Documents/GitHub/figtest/src/app/app.component.ts
[09:32:37] found          : AppComponent
[09:32:37] parsing        : /Users/jrosenfeld/Documents/GitHub/figtest/src/environments/environment.prod.ts
[09:32:37] found          : environment
[09:32:37] parsing        : /Users/jrosenfeld/Documents/GitHub/figtest/src/environments/environment.ts
[09:32:37] found          : environment
[09:32:37] parsing        : /Users/jrosenfeld/Documents/GitHub/figtest/src/stories/Button.stories.ts
[09:32:37] found          : Template
[09:32:37] found          : Primary
[09:32:37] found          : Secondary
[09:32:37] found          : Large
[09:32:37] found          : Small
[09:32:37] parsing        : /Users/jrosenfeld/Documents/GitHub/figtest/src/stories/Header.stories.ts
[09:32:37] found          : Template
[09:32:37] found          : LoggedIn
[09:32:37] found          : LoggedOut
[09:32:37] parsing        : /Users/jrosenfeld/Documents/GitHub/figtest/src/stories/Page.stories.ts
[09:32:37] found          : Template
[09:32:37] found          : LoggedOut
[09:32:37] found          : LoggedIn
[09:32:37] parsing        : /Users/jrosenfeld/Documents/GitHub/figtest/src/stories/User.ts
[09:32:37] found          : User
[09:32:37] parsing        : /Users/jrosenfeld/Documents/GitHub/figtest/src/stories/button.component.ts
[09:32:37] found          : ButtonComponent
[09:32:37] parsing        : /Users/jrosenfeld/Documents/GitHub/figtest/src/stories/header.component.ts
[09:32:37] found          : HeaderComponent
[09:32:37] parsing        : /Users/jrosenfeld/Documents/GitHub/figtest/src/stories/page.component.ts
[09:32:37] found          : PageComponent
[09:32:37] parsing        : /Users/jrosenfeld/Documents/GitHub/figtest/src/app/explore-container/explore-container.component.ts
[09:32:37] found          : ExploreContainerComponent
[09:32:37] parsing        : /Users/jrosenfeld/Documents/GitHub/figtest/src/app/explore-container/explore-container.module.ts
[09:32:37] found          : ExploreContainerComponentModule
[09:32:37]                : - imports:
[09:32:37]                : 	- CommonModule
[09:32:37]                : 	- FormsModule
[09:32:37]                : 	- IonicModule
[09:32:37]                : - exports:
[09:32:37]                : 	- ExploreContainerComponent
[09:32:37]                : - declarations:
[09:32:37]                : 	- ExploreContainerComponent
[09:32:37] parsing        : /Users/jrosenfeld/Documents/GitHub/figtest/src/app/tab2/tab2.module.ts
[09:32:37] found          : Tab2PageModule
[09:32:37]                : - imports:
[09:32:37]                : 	- IonicModule
[09:32:37]                : 	- CommonModule
[09:32:37]                : 	- FormsModule
[09:32:37]                : 	- ExploreContainerComponentModule
[09:32:37]                : 	- Tab2PageRoutingModule
[09:32:37]                : - declarations:
[09:32:37]                : 	- Tab2Page
[09:32:37] parsing        : /Users/jrosenfeld/Documents/GitHub/figtest/src/app/tab2/tab2-routing.module.ts
[09:32:37] Analysing routes definitions and clean them if necessary
[09:32:37] found          : Tab2PageRoutingModule
[09:32:37]                : - imports:
[09:32:37]                : 	- RouterModule
[09:32:37]                : - exports:
[09:32:37]                : 	- RouterModule
[09:32:37] parsing        : /Users/jrosenfeld/Documents/GitHub/figtest/src/app/tab2/tab2.page.ts
[09:32:37] found          : Tab2Page
[09:32:37] parsing        : /Users/jrosenfeld/Documents/GitHub/figtest/src/app/tab1/tab1-routing.module.ts
[09:32:37] Analysing routes definitions and clean them if necessary
[09:32:37] found          : Tab1PageRoutingModule
[09:32:37]                : - imports:
[09:32:37]                : 	- RouterModule
[09:32:37]                : - exports:
[09:32:37]                : 	- RouterModule
[09:32:37] parsing        : /Users/jrosenfeld/Documents/GitHub/figtest/src/app/tab1/tab1.module.ts
[09:32:37] found          : Tab1PageModule
[09:32:37]                : - imports:
[09:32:37]                : 	- IonicModule
[09:32:37]                : 	- CommonModule
[09:32:37]                : 	- FormsModule
[09:32:37]                : 	- ExploreContainerComponentModule
[09:32:37]                : 	- Tab1PageRoutingModule
[09:32:37]                : - declarations:
[09:32:37]                : 	- Tab1Page
[09:32:37] parsing        : /Users/jrosenfeld/Documents/GitHub/figtest/src/app/tab1/tab1.page.ts
[09:32:37] found          : Tab1Page
[09:32:37] parsing        : /Users/jrosenfeld/Documents/GitHub/figtest/src/app/tabs/tabs-routing.module.ts
[09:32:37] Analysing routes definitions and clean them if necessary
[09:32:37] found          : TabsPageRoutingModule
[09:32:37]                : - imports:
[09:32:37]                : 	- RouterModule
[09:32:37] parsing        : /Users/jrosenfeld/Documents/GitHub/figtest/src/app/tabs/tabs.module.ts
[09:32:37] found          : TabsPageModule
[09:32:37]                : - imports:
[09:32:37]                : 	- IonicModule
[09:32:37]                : 	- CommonModule
[09:32:37]                : 	- FormsModule
[09:32:37]                : 	- TabsPageRoutingModule
[09:32:37]                : - declarations:
[09:32:37]                : 	- TabsPage
[09:32:37] parsing        : /Users/jrosenfeld/Documents/GitHub/figtest/src/app/tabs/tabs.page.ts
[09:32:37] found          : TabsPage
[09:32:37] parsing        : /Users/jrosenfeld/Documents/GitHub/figtest/src/app/tab3/tab3-routing.module.ts
[09:32:37] Analysing routes definitions and clean them if necessary
[09:32:37] found          : Tab3PageRoutingModule
[09:32:37]                : - imports:
[09:32:37]                : 	- RouterModule
[09:32:37]                : - exports:
[09:32:37]                : 	- RouterModule
[09:32:37] parsing        : /Users/jrosenfeld/Documents/GitHub/figtest/src/app/tab3/tab3.module.ts
[09:32:37] found          : Tab3PageModule
[09:32:37]                : - imports:
[09:32:37]                : 	- IonicModule
[09:32:37]                : 	- CommonModule
[09:32:37]                : 	- FormsModule
[09:32:37]                : 	- ExploreContainerComponentModule
[09:32:37]                : 	- RouterModule
[09:32:37]                : 	- Tab3PageRoutingModule
[09:32:37]                : - declarations:
[09:32:37]                : 	- Tab3Page
[09:32:37] parsing        : /Users/jrosenfeld/Documents/GitHub/figtest/src/app/tab3/tab3.page.ts
[09:32:37] found          : Tab3Page
[09:32:37] -------------------
[09:32:37] Project statistics 
[09:32:37] - files      : 78
[09:32:37] - module     : 11
[09:32:37] - component  : 9
[09:32:37] - class      : 1
[09:32:37] - interface  : 1
[09:32:37] - route      : 22
[09:32:37] -------------------
[09:32:37] Prepare components
[09:32:37]  AppComponent has a templateUrl, include it
[09:32:37]  AppComponent has styleUrls, include them
[09:32:37]  ButtonComponent has styleUrls, include them
[09:32:37]  ExploreContainerComponent has a templateUrl, include it
[09:32:37]  ExploreContainerComponent has styleUrls, include them
[09:32:37]  HeaderComponent has styleUrls, include them
[09:32:37]  PageComponent has styleUrls, include them
[09:32:37]  Tab1Page has a templateUrl, include it
[09:32:37]  Tab1Page has styleUrls, include them
[09:32:37]  Tab2Page has a templateUrl, include it
[09:32:37]  Tab2Page has styleUrls, include them
[09:32:37]  Tab3Page has a templateUrl, include it
[09:32:37]  Tab3Page has styleUrls, include them
[09:32:37]  TabsPage has a templateUrl, include it
[09:32:37]  TabsPage has styleUrls, include them
[09:32:37] Prepare modules
[09:32:37] Process routes
[09:32:37] Prepare classes
[09:32:37] Prepare interfaces
[09:32:37] Prepare miscellaneous
[09:32:37] Process documentation coverage report
[09:32:37] Generating documentation in export format json
[09:32:37] Documentation generated in ./ in 0.187 seconds
info @storybook/angular v6.4.21
info 
info => Cleaning outputDir: /var/folders/j3/v2sqjvz5691c6fr6ds65y5500000gq/T/chromatic--91298-RTR0idKb1iaA
info => Loading presets
info => Compiling manager..
info => Compiling preview..
(node:91315) [DEP0148] DeprecationWarning: Use of deprecated folder mapping "./" in the "exports" field module resolution of the package at /Users/jrosenfeld/Documents/GitHub/figtest/node_modules/tslib/package.json.
Update this package.json to use a subpath pattern like "./*".
(Use `node --trace-deprecation ...` to show where the warning was created)
info => Using implicit CSS loaders
info => Loading angular-cli config for angular >= 13.0.0
info => Using angular project with "tsConfig:/Users/jrosenfeld/Documents/GitHub/figtest/.storybook/tsconfig.json"
WARN Your Storybook startup uses a solution that will not be supported in version 7.0. 
WARN You must use angular builder to have an explicit configuration on the project used in angular.json
WARN Read more at:
WARN - https://github.com/storybookjs/storybook/blob/next/MIGRATION.md#sb-angular-builder)
WARN - https://github.com/storybookjs/storybook/blob/next/MIGRATION.md#angular13)
info => Using angular project "app:build" for configuring Storybook
info => Using default Webpack5 setup
<s> [webpack.Progress] 0% 

<s> [webpack.Progress] 1% setup initialize
<s> [webpack.Progress] 1% setup initialize HtmlWebpackPlugin
<s> [webpack.Progress] 1% setup initialize
<s> [webpack.Progress] 2% setup before run
<s> [webpack.Progress] 2% setup before run NodeEnvironmentPlugin
<s> [webpack.Progress] 2% setup before run
<s> [webpack.Progress] 3% setup run
<s> [webpack.Progress] 3% setup run
<s> [webpack.Progress] 4% setup normal module factory
<s> [webpack.Progress] 4% setup normal module factory CaseSensitivePathsPlugin
<s> [webpack.Progress] 4% setup normal module factory
<s> [webpack.Progress] 5% setup context module factory
<s> [webpack.Progress] 5% setup context module factory
<s> [webpack.Progress] 6% setup before compile
<s> [webpack.Progress] 6% setup before compile angular-compiler
<s> [webpack.Progress] 6% setup before compile ProgressPlugin
<s> [webpack.Progress] 6% setup before compile
<s> [webpack.Progress] 7% setup compile
<s> [webpack.Progress] 7% setup compile ExternalsPlugin
<s> [webpack.Progress] 7% setup compile
<s> [webpack.Progress] 8% setup compilation
<s> [webpack.Progress] 8% setup compilation CopyPlugin
<s> [webpack.Progress] 8% setup compilation angular-compiler
<s> [webpack.Progress] 8% setup compilation mini-css-extract-plugin
<s> [webpack.Progress] 8% setup compilation ArrayPushCallbackChunkFormatPlugin
<s> [webpack.Progress] 8% setup compilation JsonpChunkLoadingPlugin
<s> [webpack.Progress] 8% setup compilation StartupChunkDependenciesPlugin
<s> [webpack.Progress] 8% setup compilation ImportScriptsChunkLoadingPlugin
<s> [webpack.Progress] 8% setup compilation FetchCompileWasmPlugin
<s> [webpack.Progress] 8% setup compilation FetchCompileAsyncWasmPlugin
<s> [webpack.Progress] 8% setup compilation WorkerPlugin
<s> [webpack.Progress] 8% setup compilation SplitChunksPlugin
<s> [webpack.Progress] 8% setup compilation RuntimeChunkPlugin
<s> [webpack.Progress] 8% setup compilation ResolverCachePlugin
<s> [webpack.Progress] 8% setup compilation HtmlWebpackPlugin
<s> [webpack.Progress] 8% setup compilation
<s> [webpack.Progress] 9% setup compilation
<s> [webpack.Progress] 9% setup compilation named-chunks-plugin
<s> [webpack.Progress] 9% setup compilation DedupeModuleResolvePlugin
<s> [webpack.Progress] 9% setup compilation SourceMapDevToolPlugin
<s> [webpack.Progress] 9% setup compilation AnyComponentStyleBudgetChecker
<s> [webpack.Progress] 9% setup compilation mini-css-extract-plugin
<s> [webpack.Progress] 9% setup compilation SuppressExtractedTextChunks
<s> [webpack.Progress] 9% setup compilation DefinePlugin
<s> [webpack.Progress] 9% setup compilation ProvidePlugin
<s> [webpack.Progress] 9% setup compilation ProgressPlugin
<s> [webpack.Progress] 9% setup compilation ChunkPrefetchPreloadPlugin
<s> [webpack.Progress] 9% setup compilation SourceMapDevToolPlugin
<s> [webpack.Progress] 9% setup compilation JavascriptModulesPlugin
<s> [webpack.Progress] 9% setup compilation JsonModulesPlugin
<s> [webpack.Progress] 9% setup compilation AssetModulesPlugin
<s> [webpack.Progress] 9% setup compilation EntryPlugin
<s> [webpack.Progress] 9% setup compilation EntryPlugin
<s> [webpack.Progress] 9% setup compilation EntryPlugin
<s> [webpack.Progress] 9% setup compilation EntryPlugin
<s> [webpack.Progress] 9% setup compilation EntryPlugin
<s> [webpack.Progress] 9% setup compilation EntryPlugin
<s> [webpack.Progress] 9% setup compilation EntryPlugin
<s> [webpack.Progress] 9% setup compilation EntryPlugin
<s> [webpack.Progress] 9% setup compilation EntryPlugin
<s> [webpack.Progress] 9% setup compilation EntryPlugin
<s> [webpack.Progress] 9% setup compilation EntryPlugin
<s> [webpack.Progress] 9% setup compilation EntryPlugin
<s> [webpack.Progress] 9% setup compilation EntryPlugin
<s> [webpack.Progress] 9% setup compilation EntryPlugin
<s> [webpack.Progress] 9% setup compilation EntryPlugin
<s> [webpack.Progress] 9% setup compilation EntryPlugin
<s> [webpack.Progress] 9% setup compilation EntryPlugin
<s> [webpack.Progress] 9% setup compilation EntryPlugin
<s> [webpack.Progress] 9% setup compilation EntryPlugin
<s> [webpack.Progress] 9% setup compilation EntryPlugin
<s> [webpack.Progress] 9% setup compilation RuntimePlugin
<s> [webpack.Progress] 9% setup compilation InferAsyncModulesPlugin
<s> [webpack.Progress] 9% setup compilation DataUriPlugin
<s> [webpack.Progress] 9% setup compilation FileUriPlugin
<s> [webpack.Progress] 9% setup compilation CompatibilityPlugin
<s> [webpack.Progress] 9% setup compilation HarmonyModulesPlugin
<s> [webpack.Progress] 9% setup compilation AMDPlugin
<s> [webpack.Progress] 9% setup compilation RequireJsStuffPlugin
<s> [webpack.Progress] 9% setup compilation CommonJsPlugin
<s> [webpack.Progress] 9% setup compilation LoaderPlugin
<s> [webpack.Progress] 9% setup compilation LoaderPlugin
<s> [webpack.Progress] 9% setup compilation NodeStuffPlugin
<s> [webpack.Progress] 9% setup compilation APIPlugin
<s> [webpack.Progress] 9% setup compilation ExportsInfoApiPlugin
<s> [webpack.Progress] 9% setup compilation WebpackIsIncludedPlugin
<s> [webpack.Progress] 9% setup compilation ConstPlugin
<s> [webpack.Progress] 9% setup compilation UseStrictPlugin
<s> [webpack.Progress] 9% setup compilation RequireIncludePlugin
<s> [webpack.Progress] 9% setup compilation RequireEnsurePlugin
<s> [webpack.Progress] 9% setup compilation RequireContextPlugin
<s> [webpack.Progress] 9% setup compilation ImportPlugin
<s> [webpack.Progress] 9% setup compilation SystemPlugin
<s> [webpack.Progress] 9% setup compilation ImportMetaPlugin
<s> [webpack.Progress] 9% setup compilation URLPlugin
<s> [webpack.Progress] 9% setup compilation DefaultStatsFactoryPlugin
<s> [webpack.Progress] 9% setup compilation DefaultStatsPresetPlugin
<s> [webpack.Progress] 9% setup compilation DefaultStatsPrinterPlugin
<s> [webpack.Progress] 9% setup compilation JavascriptMetaInfoPlugin
<s> [webpack.Progress] 9% setup compilation EnsureChunkConditionsPlugin
<s> [webpack.Progress] 9% setup compilation RemoveEmptyChunksPlugin
<s> [webpack.Progress] 9% setup compilation MergeDuplicateChunksPlugin
<s> [webpack.Progress] 9% setup compilation FlagIncludedChunksPlugin
<s> [webpack.Progress] 9% setup compilation SideEffectsFlagPlugin
<s> [webpack.Progress] 9% setup compilation FlagDependencyExportsPlugin
<s> [webpack.Progress] 9% setup compilation FlagDependencyUsagePlugin
<s> [webpack.Progress] 9% setup compilation InnerGraphPlugin
<s> [webpack.Progress] 9% setup compilation MangleExportsPlugin
<s> [webpack.Progress] 9% setup compilation ModuleConcatenationPlugin
<s> [webpack.Progress] 9% setup compilation NoEmitOnErrorsPlugin
<s> [webpack.Progress] 9% setup compilation RealContentHashPlugin
<s> [webpack.Progress] 9% setup compilation WasmFinalizeExportsPlugin
<s> [webpack.Progress] 9% setup compilation NamedModuleIdsPlugin
<s> [webpack.Progress] 9% setup compilation DeterministicChunkIdsPlugin
<s> [webpack.Progress] 9% setup compilation DefinePlugin
<s> [webpack.Progress] 9% setup compilation TerserPlugin
<s> [webpack.Progress] 9% setup compilation TemplatedPathPlugin
<s> [webpack.Progress] 9% setup compilation RecordIdsPlugin
<s> [webpack.Progress] 9% setup compilation WarnCaseSensitiveModulesPlugin
<s> [webpack.Progress] 9% setup compilation IgnoreWarningsPlugin
<s> [webpack.Progress] 9% setup compilation
<s> [webpack.Progress] 10% building
<s> [webpack.Progress] 10% building 0/1 entries 0/0 dependencies 0/0 modules
<s> [webpack.Progress] 10% building import loader ./node_modules/@angular-devkit/build-angular/src/babel/webpack-loader.js
<s> [webpack.Progress] 10% building import loader ./node_modules/babel-loader/lib/index.js
<s> [webpack.Progress] 10% building import loader ./node_modules/source-map-loader/dist/cjs.js
<s> [webpack.Progress] 10% building 0/20 entries 3/20 dependencies 0/3 modules
<s> [webpack.Progress] 10% building import loader ./node_modules/mini-css-extract-plugin/dist/loader.js
<s> [webpack.Progress] 10% building import loader ./node_modules/css-loader/dist/cjs.js
<s> [webpack.Progress] 10% building import loader ./node_modules/postcss-loader/dist/cjs.js
<s> [webpack.Progress] 10% building import loader ./node_modules/resolve-url-loader/index.js
<s> [webpack.Progress] 10% building import loader ./node_modules/sass-loader/dist/cjs.js
<s> [webpack.Progress] 10% building 0/20 entries 6/20 dependencies 0/6 modules
<s> [webpack.Progress] 10% building import loader ./node_modules/@ngtools/webpack/src/ivy/index.js
<s> [webpack.Progress] 10% building 0/20 entries 17/22 dependencies 0/17 modules
<s> [webpack.Progress] 10% building import loader ./node_modules/@mdx-js/loader/index.js
<s> [webpack.Progress] 10% building 0/20 entries 126/189 dependencies 4/85 modules
<s> [webpack.Progress] 12% building 1/20 entries 126/189 dependencies 4/85 modules
<s> [webpack.Progress] 12% building import loader ./node_modules/@storybook/source-loader/dist/cjs/index.js
<s> [webpack.Progress] 12% building 1/20 entries 258/341 dependencies 9/138 modules
<s> [webpack.Progress] 15% building 2/20 entries 398/480 dependencies 31/181 modules
<s> [webpack.Progress] 18% building 3/20 entries 671/724 dependencies 57/242 modules
[BABEL] Note: The code generator has deoptimised the styling of /Users/jrosenfeld/Documents/GitHub/figtest/node_modules/prettier/standalone.js as it exceeds the max of 500KB.
<s> [webpack.Progress] 18% building 3/20 entries 1400/1683 dependencies 222/386 modules
<s> [webpack.Progress] 18% building 3/20 entries 1597/1683 dependencies 224/400 modules
<s> [webpack.Progress] 18% building 3/20 entries 1660/1900 dependencies 227/413 modules
<s> [webpack.Progress] 18% building 3/20 entries 1700/2005 dependencies 229/423 modules
<s> [webpack.Progress] 20% building 4/20 entries 1827/2005 dependencies 259/444 modules
<s> [webpack.Progress] 21% building 4/20 entries 2300/2365 dependencies 294/646 modules
<s> [webpack.Progress] 21% building 4/20 entries 2998/3036 dependencies 363/800 modules
<s> [webpack.Progress] 21% building 4/20 entries 3858/4000 dependencies 524/905 modules
<s> [webpack.Progress] 21% building 4/20 entries 4000/4047 dependencies 633/932 modules
<s> [webpack.Progress] 21% building 4/20 entries 4870/4927 dependencies 800/1133 modules
<s> [webpack.Progress] 20% building 4/20 entries 5525/5600 dependencies 913/1271 modules
<s> [webpack.Progress] 22% building 4/20 entries 6387/6400 dependencies 1176/1568 modules
<s> [webpack.Progress] 24% building 5/20 entries 6736/6789 dependencies 1352/1611 modules
<s> [webpack.Progress] 26% building 6/20 entries 6736/6789 dependencies 1353/1611 modules
<s> [webpack.Progress] 29% building 7/20 entries 6736/6789 dependencies 1354/1611 modules
<s> [webpack.Progress] 31% building 8/20 entries 6736/6789 dependencies 1355/1611 modules
<s> [webpack.Progress] 34% building 9/20 entries 6736/6789 dependencies 1356/1611 modules
<s> [webpack.Progress] 37% building 10/20 entries 6736/6789 dependencies 1357/1611 modules
<s> [webpack.Progress] 40% building 11/20 entries 6736/6789 dependencies 1358/1611 modules
<s> [webpack.Progress] 43% building 12/20 entries 6736/6789 dependencies 1359/1611 modules
<s> [webpack.Progress] 45% building 13/20 entries 6736/6789 dependencies 1360/1611 modules
<s> [webpack.Progress] 48% building 14/20 entries 6736/6789 dependencies 1361/1611 modules
<s> [webpack.Progress] 51% building 15/20 entries 6736/6789 dependencies 1365/1611 modules
<s> [webpack.Progress] 51% building 15/20 entries 7165/7200 dependencies 1541/1686 modules
<s> [webpack.Progress] 54% building 16/20 entries 7536/7536 dependencies 1730/1770 modules
<s> [webpack.Progress] 56% building 17/20 entries 7541/7541 dependencies 1748/1770 modules
<s> [webpack.Progress] 59% building 18/20 entries 7543/7543 dependencies 1768/1771 modules
<s> [webpack.Progress] 62% building 19/20 entries 7543/7543 dependencies 1769/1771 modules
<s> [webpack.Progress] 65% building 20/20 entries 7546/7546 dependencies 1772/1772 modules
<s> [webpack.Progress] 65% building
<s> [webpack.Progress] 69% building finish
<s> [webpack.Progress] 69% building finish
<s> [webpack.Progress] 70% sealing finish module graph
<s> [webpack.Progress] 70% sealing finish module graph angular-compiler
<s> [webpack.Progress] 70% sealing finish module graph ResolverCachePlugin
<s> [webpack.Progress] 70% sealing finish module graph InferAsyncModulesPlugin
<s> [webpack.Progress] 70% sealing finish module graph FlagDependencyExportsPlugin
<s> [webpack.Progress] 70% sealing finish module graph InnerGraphPlugin
<s> [webpack.Progress] 70% sealing finish module graph WasmFinalizeExportsPlugin
<s> [webpack.Progress] 70% sealing finish module graph
<s> [webpack.Progress] 70% sealing plugins
<s> [webpack.Progress] 70% sealing plugins WarnCaseSensitiveModulesPlugin
<s> [webpack.Progress] 70% sealing plugins
<s> [webpack.Progress] 71% sealing dependencies optimization
<s> [webpack.Progress] 71% sealing dependencies optimization SideEffectsFlagPlugin
<s> [webpack.Progress] 71% sealing dependencies optimization FlagDependencyUsagePlugin
<s> [webpack.Progress] 71% sealing dependencies optimization
<s> [webpack.Progress] 71% sealing after dependencies optimization
<s> [webpack.Progress] 71% sealing after dependencies optimization
<s> [webpack.Progress] 72% sealing chunk graph
<s> [webpack.Progress] 72% sealing chunk graph
<s> [webpack.Progress] 73% sealing after chunk graph
<s> [webpack.Progress] 73% sealing after chunk graph
<s> [webpack.Progress] 73% sealing optimizing
<s> [webpack.Progress] 73% sealing optimizing
<s> [webpack.Progress] 74% sealing module optimization
<s> [webpack.Progress] 74% sealing module optimization
<s> [webpack.Progress] 75% sealing after module optimization
<s> [webpack.Progress] 75% sealing after module optimization
<s> [webpack.Progress] 75% sealing chunk optimization
<s> [webpack.Progress] 75% sealing chunk optimization EnsureChunkConditionsPlugin
<s> [webpack.Progress] 75% sealing chunk optimization RemoveEmptyChunksPlugin
<s> [webpack.Progress] 75% sealing chunk optimization MergeDuplicateChunksPlugin
<s> [webpack.Progress] 75% sealing chunk optimization SplitChunksPlugin
<s> [webpack.Progress] 75% sealing chunk optimization RemoveEmptyChunksPlugin
<s> [webpack.Progress] 75% sealing chunk optimization
<s> [webpack.Progress] 76% sealing after chunk optimization
<s> [webpack.Progress] 76% sealing after chunk optimization
<s> [webpack.Progress] 77% sealing module and chunk tree optimization
<s> [webpack.Progress] 77% sealing module and chunk tree optimization PersistentChildCompilerSingletonPlugin
<s> [webpack.Progress] 77% sealing module and chunk tree optimization
<s> [webpack.Progress] 77% sealing after module and chunk tree optimization
<s> [webpack.Progress] 77% sealing after module and chunk tree optimization
<s> [webpack.Progress] 78% sealing chunk modules optimization
<s> [webpack.Progress] 78% sealing chunk modules optimization ModuleConcatenationPlugin
<s> [webpack.Progress] 78% sealing chunk modules optimization
<s> [webpack.Progress] 78% sealing after chunk modules optimization
<s> [webpack.Progress] 78% sealing after chunk modules optimization
<s> [webpack.Progress] 79% sealing module reviving
<s> [webpack.Progress] 79% sealing module reviving RecordIdsPlugin
<s> [webpack.Progress] 79% sealing module reviving
<s> [webpack.Progress] 80% sealing before module ids
<s> [webpack.Progress] 80% sealing before module ids
<s> [webpack.Progress] 80% sealing module ids
<s> [webpack.Progress] 80% sealing module ids NamedModuleIdsPlugin
<s> [webpack.Progress] 80% sealing module ids
<s> [webpack.Progress] 81% sealing module id optimization
<s> [webpack.Progress] 81% sealing module id optimization
<s> [webpack.Progress] 82% sealing module id optimization
<s> [webpack.Progress] 82% sealing module id optimization
<s> [webpack.Progress] 82% sealing chunk reviving
<s> [webpack.Progress] 82% sealing chunk reviving RecordIdsPlugin
<s> [webpack.Progress] 82% sealing chunk reviving
<s> [webpack.Progress] 83% sealing before chunk ids
<s> [webpack.Progress] 83% sealing before chunk ids
<s> [webpack.Progress] 84% sealing chunk ids
<s> [webpack.Progress] 84% sealing chunk ids DeterministicChunkIdsPlugin
<s> [webpack.Progress] 84% sealing chunk ids
<s> [webpack.Progress] 84% sealing chunk id optimization
<s> [webpack.Progress] 84% sealing chunk id optimization FlagIncludedChunksPlugin
<s> [webpack.Progress] 84% sealing chunk id optimization
<s> [webpack.Progress] 85% sealing after chunk id optimization
<s> [webpack.Progress] 85% sealing after chunk id optimization
<s> [webpack.Progress] 86% sealing record modules
<s> [webpack.Progress] 86% sealing record modules RecordIdsPlugin
<s> [webpack.Progress] 86% sealing record modules
<s> [webpack.Progress] 86% sealing record chunks
<s> [webpack.Progress] 86% sealing record chunks RecordIdsPlugin
<s> [webpack.Progress] 86% sealing record chunks
<s> [webpack.Progress] 87% sealing module hashing
<s> [webpack.Progress] 87% sealing module hashing
<s> [webpack.Progress] 87% sealing code generation
<s> [webpack.Progress] 87% sealing code generation
<s> [webpack.Progress] 88% sealing runtime requirements
<s> [webpack.Progress] 88% sealing runtime requirements
<s> [webpack.Progress] 89% sealing hashing
<s> [webpack.Progress] 89% sealing hashing
<s> [webpack.Progress] 89% sealing after hashing
<s> [webpack.Progress] 89% sealing after hashing
<s> [webpack.Progress] 90% sealing record hash
<s> [webpack.Progress] 90% sealing record hash
<s> [webpack.Progress] 91% sealing module assets processing
<s> [webpack.Progress] 91% sealing module assets processing
<s> [webpack.Progress] 91% sealing chunk assets processing
<s> [webpack.Progress] 91% sealing chunk assets processing
<s> [webpack.Progress] 92% sealing asset processing
<s> [webpack.Progress] 92% sealing asset processing copy-webpack-plugin
<s> [webpack.Progress] 92% sealing asset processing PersistentChildCompilerSingletonPlugin
<s> [webpack.Progress] 92% sealing asset processing TerserPlugin
info => Manager built (23 s)
<s> [webpack.Progress] 92% sealing asset processing SourceMapDevToolPlugin
<s> [webpack.Progress] 92% sealing asset processing SourceMapDevToolPlugin
<s> [webpack.Progress] 92% sealing asset processing SourceMapDevToolPlugin main.css generate SourceMap
<s> [webpack.Progress] 92% sealing asset processing SourceMapDevToolPlugin main.css generated SourceMap
<s> [webpack.Progress] 92% sealing asset processing SourceMapDevToolPlugin main.1bd707cb.iframe.bundle.js generate SourceMap
<s> [webpack.Progress] 92% sealing asset processing SourceMapDevToolPlugin main.1bd707cb.iframe.bundle.js generated SourceMap
<s> [webpack.Progress] 92% sealing asset processing SourceMapDevToolPlugin runtime~main.04b5ab57.iframe.bundle.js generate SourceMap
<s> [webpack.Progress] 92% sealing asset processing SourceMapDevToolPlugin runtime~main.04b5ab57.iframe.bundle.js generated SourceMap
<s> [webpack.Progress] 92% sealing asset processing SourceMapDevToolPlugin 593.b72ae7e5.iframe.bundle.js generate SourceMap
<s> [webpack.Progress] 92% sealing asset processing SourceMapDevToolPlugin 593.b72ae7e5.iframe.bundle.js generated SourceMap
<s> [webpack.Progress] 92% sealing asset processing SourceMapDevToolPlugin 440.3e51b7cf.iframe.bundle.js generate SourceMap
<s> [webpack.Progress] 92% sealing asset processing SourceMapDevToolPlugin 440.3e51b7cf.iframe.bundle.js generated SourceMap
<s> [webpack.Progress] 92% sealing asset processing SourceMapDevToolPlugin 878.cf4f54d9.iframe.bundle.js generate SourceMap
<s> [webpack.Progress] 92% sealing asset processing SourceMapDevToolPlugin 878.cf4f54d9.iframe.bundle.js generated SourceMap
<s> [webpack.Progress] 92% sealing asset processing SourceMapDevToolPlugin 540.f8e65f1f.iframe.bundle.js generate SourceMap
<s> [webpack.Progress] 92% sealing asset processing SourceMapDevToolPlugin 540.f8e65f1f.iframe.bundle.js generated SourceMap
<s> [webpack.Progress] 92% sealing asset processing SourceMapDevToolPlugin 871.de0bac91.iframe.bundle.js generate SourceMap
<s> [webpack.Progress] 92% sealing asset processing SourceMapDevToolPlugin 871.de0bac91.iframe.bundle.js generated SourceMap
<s> [webpack.Progress] 92% sealing asset processing SourceMapDevToolPlugin 776.bda4d8d5.iframe.bundle.js generate SourceMap
<s> [webpack.Progress] 92% sealing asset processing SourceMapDevToolPlugin 776.bda4d8d5.iframe.bundle.js generated SourceMap
<s> [webpack.Progress] 92% sealing asset processing SourceMapDevToolPlugin 570.c017a6a1.iframe.bundle.js generate SourceMap
<s> [webpack.Progress] 92% sealing asset processing SourceMapDevToolPlugin 570.c017a6a1.iframe.bundle.js generated SourceMap
<s> [webpack.Progress] 92% sealing asset processing SourceMapDevToolPlugin 7.5388cce3.iframe.bundle.js generate SourceMap
<s> [webpack.Progress] 92% sealing asset processing SourceMapDevToolPlugin 7.5388cce3.iframe.bundle.js generated SourceMap
<s> [webpack.Progress] 92% sealing asset processing SourceMapDevToolPlugin 628.5e75b67e.iframe.bundle.js generate SourceMap
<s> [webpack.Progress] 92% sealing asset processing SourceMapDevToolPlugin 628.5e75b67e.iframe.bundle.js generated SourceMap
<s> [webpack.Progress] 92% sealing asset processing SourceMapDevToolPlugin 182.23453169.iframe.bundle.js generate SourceMap
<s> [webpack.Progress] 92% sealing asset processing SourceMapDevToolPlugin 182.23453169.iframe.bundle.js generated SourceMap
<s> [webpack.Progress] 92% sealing asset processing SourceMapDevToolPlugin resolve sources
<s> [webpack.Progress] 92% sealing asset processing SourceMapDevToolPlugin main.css attach SourceMap
<s> [webpack.Progress] 92% sealing asset processing SourceMapDevToolPlugin main.css attached SourceMap
<s> [webpack.Progress] 92% sealing asset processing SourceMapDevToolPlugin main.1bd707cb.iframe.bundle.js attach SourceMap
<s> [webpack.Progress] 92% sealing asset processing SourceMapDevToolPlugin main.1bd707cb.iframe.bundle.js attached SourceMap
<s> [webpack.Progress] 92% sealing asset processing SourceMapDevToolPlugin runtime~main.04b5ab57.iframe.bundle.js attach SourceMap
<s> [webpack.Progress] 92% sealing asset processing SourceMapDevToolPlugin runtime~main.04b5ab57.iframe.bundle.js attached SourceMap
<s> [webpack.Progress] 92% sealing asset processing SourceMapDevToolPlugin 593.b72ae7e5.iframe.bundle.js attach SourceMap
<s> [webpack.Progress] 92% sealing asset processing SourceMapDevToolPlugin 593.b72ae7e5.iframe.bundle.js attached SourceMap
<s> [webpack.Progress] 92% sealing asset processing SourceMapDevToolPlugin 440.3e51b7cf.iframe.bundle.js attach SourceMap
<s> [webpack.Progress] 92% sealing asset processing SourceMapDevToolPlugin 440.3e51b7cf.iframe.bundle.js attached SourceMap
<s> [webpack.Progress] 92% sealing asset processing SourceMapDevToolPlugin 878.cf4f54d9.iframe.bundle.js attach SourceMap
<s> [webpack.Progress] 92% sealing asset processing SourceMapDevToolPlugin 878.cf4f54d9.iframe.bundle.js attached SourceMap
<s> [webpack.Progress] 92% sealing asset processing SourceMapDevToolPlugin 540.f8e65f1f.iframe.bundle.js attach SourceMap
<s> [webpack.Progress] 92% sealing asset processing SourceMapDevToolPlugin 540.f8e65f1f.iframe.bundle.js attached SourceMap
<s> [webpack.Progress] 92% sealing asset processing SourceMapDevToolPlugin 871.de0bac91.iframe.bundle.js attach SourceMap
<s> [webpack.Progress] 92% sealing asset processing SourceMapDevToolPlugin 871.de0bac91.iframe.bundle.js attached SourceMap
<s> [webpack.Progress] 92% sealing asset processing SourceMapDevToolPlugin 776.bda4d8d5.iframe.bundle.js attach SourceMap
<s> [webpack.Progress] 92% sealing asset processing SourceMapDevToolPlugin 776.bda4d8d5.iframe.bundle.js attached SourceMap
<s> [webpack.Progress] 92% sealing asset processing SourceMapDevToolPlugin 570.c017a6a1.iframe.bundle.js attach SourceMap
<s> [webpack.Progress] 92% sealing asset processing SourceMapDevToolPlugin 570.c017a6a1.iframe.bundle.js attached SourceMap
<s> [webpack.Progress] 92% sealing asset processing SourceMapDevToolPlugin 7.5388cce3.iframe.bundle.js attach SourceMap
<s> [webpack.Progress] 92% sealing asset processing SourceMapDevToolPlugin 7.5388cce3.iframe.bundle.js attached SourceMap
<s> [webpack.Progress] 92% sealing asset processing SourceMapDevToolPlugin 628.5e75b67e.iframe.bundle.js attach SourceMap
<s> [webpack.Progress] 92% sealing asset processing SourceMapDevToolPlugin 628.5e75b67e.iframe.bundle.js attached SourceMap
<s> [webpack.Progress] 92% sealing asset processing SourceMapDevToolPlugin 182.23453169.iframe.bundle.js attach SourceMap
<s> [webpack.Progress] 92% sealing asset processing SourceMapDevToolPlugin 182.23453169.iframe.bundle.js attached SourceMap
<s> [webpack.Progress] 92% sealing asset processing SourceMapDevToolPlugin
<s> [webpack.Progress] 92% sealing asset processing SourceMapDevToolPlugin
<s> [webpack.Progress] 92% sealing asset processing SourceMapDevToolPlugin resolve sources
<s> [webpack.Progress] 92% sealing asset processing SourceMapDevToolPlugin
<s> [webpack.Progress] 92% sealing asset processing SourceMapDevToolPlugin
<s> [webpack.Progress] 92% sealing asset processing SourceMapDevToolPlugin
<s> [webpack.Progress] 92% sealing asset processing SourceMapDevToolPlugin resolve sources
<s> [webpack.Progress] 92% sealing asset processing SourceMapDevToolPlugin
<s> [webpack.Progress] 92% sealing asset processing HtmlWebpackPlugin
<s> [webpack.Progress] 92% sealing asset processing HtmlWebpackPlugin
<s> [webpack.Progress] 92% sealing asset processing HtmlWebpackPlugin resolve sources
<s> [webpack.Progress] 92% sealing asset processing HtmlWebpackPlugin
<s> [webpack.Progress] 92% sealing asset processing HtmlWebpackPlugin
<s> [webpack.Progress] 92% sealing asset processing HtmlWebpackPlugin resolve sources
<s> [webpack.Progress] 92% sealing asset processing HtmlWebpackPlugin
<s> [webpack.Progress] 92% sealing asset processing RealContentHashPlugin
<s> [webpack.Progress] 92% sealing asset processing RealContentHashPlugin
<s> [webpack.Progress] 92% sealing asset processing RealContentHashPlugin resolve sources
<s> [webpack.Progress] 92% sealing asset processing RealContentHashPlugin
<s> [webpack.Progress] 92% sealing asset processing RealContentHashPlugin
<s> [webpack.Progress] 92% sealing asset processing RealContentHashPlugin resolve sources
<s> [webpack.Progress] 92% sealing asset processing RealContentHashPlugin
<s> [webpack.Progress] 92% sealing asset processing AnyComponentStyleBudgetChecker
<s> [webpack.Progress] 92% sealing asset processing
<s> [webpack.Progress] 93% sealing after asset optimization
<s> [webpack.Progress] 93% sealing after asset optimization
<s> [webpack.Progress] 93% sealing recording
<s> [webpack.Progress] 93% sealing recording
<s> [webpack.Progress] 94% sealing after seal
<s> [webpack.Progress] 94% sealing after seal
<s> [webpack.Progress] 95% emitting emit
<s> [webpack.Progress] 95% emitting emit
<s> [webpack.Progress] 98% emitting after emit
<s> [webpack.Progress] 98% emitting after emit SizeLimitsPlugin
<s> [webpack.Progress] 98% emitting after emit
<s> [webpack.Progress] 99% done plugins
<s> [webpack.Progress] 99% done plugins CaseSensitivePathsPlugin
<s> [webpack.Progress] 99% done plugins
<s> [webpack.Progress] 99% 

<s> [webpack.Progress] 99% cache store build dependencies
<s> [webpack.Progress] 99% cache store build dependencies
<s> [webpack.Progress] 99% cache begin idle
<s> [webpack.Progress] 99% cache begin idle
<s> [webpack.Progress] 100% 

info => Preview built (29 s)
WARN /Users/jrosenfeld/Documents/GitHub/figtest/src/app/app-routing.module.ts is part of the TypeScript compilation but it's unused.
WARN Add only entry points to the 'files' or 'include' properties in your tsconfig.
WARN /Users/jrosenfeld/Documents/GitHub/figtest/src/app/app.component.ts is part of the TypeScript compilation but it's unused.
WARN Add only entry points to the 'files' or 'include' properties in your tsconfig.
WARN /Users/jrosenfeld/Documents/GitHub/figtest/src/app/app.module.ts is part of the TypeScript compilation but it's unused.
WARN Add only entry points to the 'files' or 'include' properties in your tsconfig.
WARN /Users/jrosenfeld/Documents/GitHub/figtest/src/app/explore-container/explore-container.component.ts is part of the TypeScript compilation but it's unused.
WARN Add only entry points to the 'files' or 'include' properties in your tsconfig.
WARN /Users/jrosenfeld/Documents/GitHub/figtest/src/app/explore-container/explore-container.module.ts is part of the TypeScript compilation but it's unused.
WARN Add only entry points to the 'files' or 'include' properties in your tsconfig.
WARN /Users/jrosenfeld/Documents/GitHub/figtest/src/app/tabs/tabs-routing.module.ts is part of the TypeScript compilation but it's unused.
WARN Add only entry points to the 'files' or 'include' properties in your tsconfig.
WARN /Users/jrosenfeld/Documents/GitHub/figtest/src/app/tabs/tabs.module.ts is part of the TypeScript compilation but it's unused.
WARN Add only entry points to the 'files' or 'include' properties in your tsconfig.
WARN /Users/jrosenfeld/Documents/GitHub/figtest/src/app/tabs/tabs.page.ts is part of the TypeScript compilation but it's unused.
WARN Add only entry points to the 'files' or 'include' properties in your tsconfig.
WARN /Users/jrosenfeld/Documents/GitHub/figtest/src/app/tab1/tab1-routing.module.ts is part of the TypeScript compilation but it's unused.
WARN Add only entry points to the 'files' or 'include' properties in your tsconfig.
WARN /Users/jrosenfeld/Documents/GitHub/figtest/src/app/tab1/tab1.module.ts is part of the TypeScript compilation but it's unused.
WARN Add only entry points to the 'files' or 'include' properties in your tsconfig.
WARN /Users/jrosenfeld/Documents/GitHub/figtest/src/app/tab1/tab1.page.ts is part of the TypeScript compilation but it's unused.
WARN Add only entry points to the 'files' or 'include' properties in your tsconfig.
WARN /Users/jrosenfeld/Documents/GitHub/figtest/src/app/tab2/tab2-routing.module.ts is part of the TypeScript compilation but it's unused.
WARN Add only entry points to the 'files' or 'include' properties in your tsconfig.
WARN /Users/jrosenfeld/Documents/GitHub/figtest/src/app/tab2/tab2.module.ts is part of the TypeScript compilation but it's unused.
WARN Add only entry points to the 'files' or 'include' properties in your tsconfig.
WARN /Users/jrosenfeld/Documents/GitHub/figtest/src/app/tab2/tab2.page.ts is part of the TypeScript compilation but it's unused.
WARN Add only entry points to the 'files' or 'include' properties in your tsconfig.
WARN /Users/jrosenfeld/Documents/GitHub/figtest/src/app/tab3/tab3-routing.module.ts is part of the TypeScript compilation but it's unused.
WARN Add only entry points to the 'files' or 'include' properties in your tsconfig.
WARN /Users/jrosenfeld/Documents/GitHub/figtest/src/app/tab3/tab3.module.ts is part of the TypeScript compilation but it's unused.
WARN Add only entry points to the 'files' or 'include' properties in your tsconfig.
WARN /Users/jrosenfeld/Documents/GitHub/figtest/src/app/tab3/tab3.page.ts is part of the TypeScript compilation but it's unused.
WARN Add only entry points to the 'files' or 'include' properties in your tsconfig.
WARN /Users/jrosenfeld/Documents/GitHub/figtest/src/environments/environment.prod.ts is part of the TypeScript compilation but it's unused.
WARN Add only entry points to the 'files' or 'include' properties in your tsconfig.
WARN /Users/jrosenfeld/Documents/GitHub/figtest/src/environments/environment.ts is part of the TypeScript compilation but it's unused.
WARN Add only entry points to the 'files' or 'include' properties in your tsconfig.
WARN /Users/jrosenfeld/Documents/GitHub/figtest/src/main.ts is part of the TypeScript compilation but it's unused.
WARN Add only entry points to the 'files' or 'include' properties in your tsconfig.
WARN asset size limit: The following asset(s) exceed the recommended size limit (244 KiB).
WARN This can impact web performance.
WARN Assets: 
WARN   878.034280ad.iframe.bundle.js (645 KiB)
WARN   182.ba81f926.iframe.bundle.js (3.48 MiB)
WARN entrypoint size limit: The following entrypoint(s) combined asset size exceeds the recommended limit (244 KiB). This can impact web performance.
WARN Entrypoints:
WARN   main (3.61 MiB)
WARN       runtime~main.3792a621.iframe.bundle.js
WARN       182.ba81f926.iframe.bundle.js
WARN       main.css
WARN       main.87a9ed31.iframe.bundle.js
WARN 
<s> [webpack.Progress] 99% cache shutdown
<s> [webpack.Progress] 99% cache shutdown
<s> [webpack.Progress] 100% 

info => Output directory: /var/folders/j3/v2sqjvz5691c6fr6ds65y5500000gq/T/chromatic--91298-RTR0idKb1iaA
